{"name": "test_valid_login[chromium]", "status": "failed", "statusDetails": {"message": "AssertionError: assert 'Login | 7rmart supermarket' == 'Dashboard'\n  \n  \u001b[0m\u001b[91m- Dashboard\u001b[39;49;00m\u001b[90m\u001b[39;49;00m\n  \u001b[92m+ Login | 7rmart supermarket\u001b[39;49;00m\u001b[90m\u001b[39;49;00m", "trace": "page = <Page url='https://groceryapp.uniqassosiates.com/admin/login'>\n\n    @allure.feature(\"Login Feature\")\n    @allure.story(\"Valid Login\")\n    @allure.severity(allure.severity_level.CRITICAL)\n    def test_valid_login(page: Page):\n    \n        with allure.step(\"Open Login Page\"):\n            page.goto(\"https://groceryapp.uniqassosiates.com/admin/login\")\n    \n        with allure.step(\"Enter username\"):\n            page.fill(\"//input[@name='username']\", \"admin\")\n    \n        with allure.step(\"Enter password\"):\n            page.fill(\"//input[@name='password']\", \"admin123\")\n    \n        with allure.step(\"Click Login\"):\n            page.click(\"//button[@type='submit']\")\n    \n        with allure.step(\"Verify Dashboard\"):\n>           assert page.title() == \"Dashboard\"\nE           AssertionError: assert 'Login | 7rmart supermarket' == 'Dashboard'\nE             \nE             \u001b[0m\u001b[91m- Dashboard\u001b[39;49;00m\u001b[90m\u001b[39;49;00m\nE             \u001b[92m+ Login | 7rmart supermarket\u001b[39;49;00m\u001b[90m\u001b[39;49;00m\n\ntests\\allurereportsample.py:22: AssertionError"}, "steps": [{"name": "Open Login Page", "status": "passed", "start": 1764929269665, "stop": 1764929271521}, {"name": "Enter username", "status": "passed", "start": 1764929271521, "stop": 1764929271636}, {"name": "Enter password", "status": "passed", "start": 1764929271636, "stop": 1764929271668}, {"name": "Click Login", "status": "passed", "start": 1764929271668, "stop": 1764929271857}, {"name": "Verify Dashboard", "status": "failed", "statusDetails": {"message": "AssertionError: assert 'Login | 7rmart supermarket' == 'Dashboard'\n  \n  \u001b[0m\u001b[91m- Dashboard\u001b[39;49;00m\u001b[90m\u001b[39;49;00m\n  \u001b[92m+ Login | 7rmart supermarket\u001b[39;49;00m\u001b[90m\u001b[39;49;00m\n", "trace": "  File \"C:\\Users\\Netcom\\Desktop\\Niranjana Obsqura\\PythonPlaywright\\tests\\allurereportsample.py\", line 22, in test_valid_login\n    assert page.title() == \"Dashboard\"\n"}, "start": 1764929271857, "stop": 1764929271887}], "parameters": [{"name": "browser_name", "value": "'chromium'"}], "start": 1764929269665, "stop": 1764929271888, "uuid": "8e220ecd-570f-4f71-971c-d896a7422953", "historyId": "1333f3c087000b98108393afccfac835", "testCaseId": "7625635dcfaaf14823ee9a8048670bee", "fullName": "tests.allurereportsample#test_valid_login", "labels": [{"name": "severity", "value": "critical"}, {"name": "feature", "value": "Login Feature"}, {"name": "story", "value": "Valid Login"}, {"name": "parentSuite", "value": "tests"}, {"name": "suite", "value": "allurereportsample"}, {"name": "host", "value": "DESKTOP-16JJG09"}, {"name": "thread", "value": "4244-MainThread"}, {"name": "framework", "value": "pytest"}, {"name": "language", "value": "cpython3"}, {"name": "package", "value": "tests.allurereportsample"}], "titlePath": ["tests", "allurereportsample.py"]}